<?xml version="1.0" encoding="UTF-8"?>
<!-- Generated by org.testng.reporters.JUnitXMLReporter -->
<testsuite ignored="19" hostname="Nishkarsh" failures="0" tests="1" name="Default test" time="6.899" errors="0" timestamp="2025-05-22T09:53:39 IST">
  <testcase classname="TestCases.HRIS_Local" name="applyForLeave" time="0.485"/>
  <testcase classname="TestCases.HRIS_Local" name="InValidLogin" time="0.0">
    <ignored/>
  </testcase> <!-- InValidLogin -->
  <testcase classname="TestCases.HRIS_Local" name="editEmpDetails" time="0.0">
    <ignored/>
  </testcase> <!-- editEmpDetails -->
  <testcase classname="TestCases.HRIS_Local" name="searchEmployee" time="0.0">
    <ignored/>
  </testcase> <!-- searchEmployee -->
  <testcase classname="TestCases.HRIS_Local" name="deleteAsset" time="0.0">
    <ignored/>
  </testcase> <!-- deleteAsset -->
  <testcase classname="TestCases.HRIS_Local" name="addDesignation" time="0.0">
    <ignored/>
  </testcase> <!-- addDesignation -->
  <testcase classname="TestCases.HRIS_Local" name="addBankDetails" time="0.0">
    <ignored/>
  </testcase> <!-- addBankDetails -->
  <testcase classname="TestCases.HRIS_Local" name="manageExitDetails" time="0.0">
    <ignored/>
  </testcase> <!-- manageExitDetails -->
  <testcase classname="TestCases.HRIS_Local" name="viewSalary" time="0.0">
    <ignored/>
  </testcase> <!-- viewSalary -->
  <testcase classname="TestCases.HRIS_Local" name="addSameEmployee" time="0.0">
    <ignored/>
  </testcase> <!-- addSameEmployee -->
  <testcase classname="TestCases.HRIS_Local" name="logout" time="0.0">
    <ignored/>
  </testcase> <!-- logout -->
  <testcase classname="TestCases.HRIS_Local" name="addDepartment" time="0.0">
    <ignored/>
  </testcase> <!-- addDepartment -->
  <testcase classname="TestCases.HRIS_Local" name="uploadSalary" time="0.0">
    <ignored/>
  </testcase> <!-- uploadSalary -->
  <testcase classname="TestCases.HRIS_Local" name="deleteEmployee" time="0.0">
    <ignored/>
  </testcase> <!-- deleteEmployee -->
  <testcase classname="TestCases.HRIS_Local" name="addNewEmployee" time="0.0">
    <ignored/>
  </testcase> <!-- addNewEmployee -->
  <testcase classname="TestCases.HRIS_Local" name="addAssetDetails" time="0.0">
    <ignored/>
  </testcase> <!-- addAssetDetails -->
  <testcase classname="TestCases.HRIS_Local" name="editAsset" time="0.0">
    <ignored/>
  </testcase> <!-- editAsset -->
  <testcase classname="TestCases.HRIS_Local" name="uploadAttendance" time="0.0">
    <ignored/>
  </testcase> <!-- uploadAttendance -->
  <testcase classname="TestCases.HRIS_Local" name="viewAttendance" time="0.0">
    <ignored/>
  </testcase> <!-- viewAttendance -->
  <testcase classname="TestCases.HRIS_Local" name="changePassword" time="0.0">
    <ignored/>
  </testcase> <!-- changePassword -->
</testsuite> <!-- Default test -->
