<?xml version="1.0" encoding="UTF-8"?>
<testng-results ignored="19" total="20" passed="1" failed="0" skipped="0">
  <reporter-output>
  </reporter-output>
  <suite started-at="2025-05-22T09:53:32 IST" name="Default suite" finished-at="2025-05-22T09:53:39 IST" duration-ms="6899">
    <groups>
    </groups>
    <test started-at="2025-05-22T09:53:32 IST" name="Default test" finished-at="2025-05-22T09:53:39 IST" duration-ms="6899">
      <class name="TestCases.HRIS_Local">
        <test-method is-config="true" signature="setupReport()[pri:0, instance:TestCases.HRIS_Local@71e9ddb4]" started-at="2025-05-22T09:53:31 IST" name="setupReport" finished-at="2025-05-22T09:53:32 IST" duration-ms="187" status="PASS">
          <reporter-output>
          </reporter-output>
        </test-method> <!-- setupReport -->
        <test-method is-config="true" signature="setupClass(java.lang.String,java.lang.String,java.lang.String,java.lang.reflect.Method)[pri:0, instance:TestCases.HRIS_Local@71e9ddb4]" started-at="2025-05-22T09:53:32 IST" name="setupClass" finished-at="2025-05-22T09:53:33 IST" duration-ms="1650" status="PASS">
          <params>
            <param index="0">
              <value>
                <![CDATA[chrome]]>
              </value>
            </param>
            <param index="1">
              <value>
                <![CDATA[latest]]>
              </value>
            </param>
            <param index="2">
              <value>
                <![CDATA[local]]>
              </value>
            </param>
            <param index="3">
              <value is-null="true"/>
            </param>
          </params>
          <reporter-output>
          </reporter-output>
        </test-method> <!-- setupClass -->
        <test-method is-config="true" signature="loginOnce()[pri:0, instance:TestCases.HRIS_Local@71e9ddb4]" started-at="2025-05-22T09:53:33 IST" name="loginOnce" finished-at="2025-05-22T09:53:38 IST" duration-ms="4530" status="PASS">
          <reporter-output>
          </reporter-output>
        </test-method> <!-- loginOnce -->
        <test-method signature="applyForLeave()[pri:0, instance:TestCases.HRIS_Local@71e9ddb4]" started-at="2025-05-22T09:53:38 IST" name="applyForLeave" finished-at="2025-05-22T09:53:38 IST" duration-ms="485" status="PASS">
          <reporter-output>
          </reporter-output>
        </test-method> <!-- applyForLeave -->
        <test-method is-config="true" signature="captureResult(org.testng.ITestResult)[pri:0, instance:TestCases.HRIS_Local@71e9ddb4]" started-at="2025-05-22T09:53:38 IST" name="captureResult" finished-at="2025-05-22T09:53:38 IST" duration-ms="1" status="PASS">
          <params>
            <param index="0">
              <value>
                <![CDATA[[TestResult name=applyForLeave status=SUCCESS method=HRIS_Local.applyForLeave()[pri:0, instance:TestCases.HRIS_Local@71e9ddb4] output={null}]]]>
              </value>
            </param>
          </params>
          <reporter-output>
          </reporter-output>
        </test-method> <!-- captureResult -->
        <test-method is-config="true" signature="teardownClass(org.testng.ITestContext)[pri:0, instance:TestCases.HRIS_Local@71e9ddb4]" started-at="2025-05-22T09:53:38 IST" name="teardownClass" finished-at="2025-05-22T09:53:39 IST" duration-ms="205" status="PASS">
          <params>
            <param index="0">
              <value>
                <![CDATA[org.testng.TestRunner@4eba373c]]>
              </value>
            </param>
          </params>
          <reporter-output>
          </reporter-output>
        </test-method> <!-- teardownClass -->
        <test-method is-config="true" signature="tearDownSuite()[pri:0, instance:TestCases.HRIS_Local@71e9ddb4]" started-at="2025-05-22T09:53:39 IST" name="tearDownSuite" finished-at="2025-05-22T09:53:39 IST" duration-ms="255" status="PASS">
          <reporter-output>
          </reporter-output>
        </test-method> <!-- tearDownSuite -->
      </class> <!-- TestCases.HRIS_Local -->
    </test> <!-- Default test -->
  </suite> <!-- Default suite -->
</testng-results>
