<?xml version="1.0" encoding="UTF-8"?>
<!-- Generated by org.testng.reporters.JUnitXMLReporter -->
<testsuite ignored="0" hostname="Nishkarsh" failures="2" tests="2" name="FirefoxTest" time="21.056" errors="0" timestamp="2025-05-16T15:55:36 IST">
  <testcase classname="TestCases.HRIS_Local" name="InValidLogin" time="0.74">
    <failure type="org.openqa.selenium.ElementClickInterceptedException" message="Element &amp;lt;button class=&amp;quot;mdc-button mdc-button--raised w-100 mdc-ripple-upgraded&amp;quot;&amp;gt; is not clickable at point (768,558) because another element &amp;lt;div class=&amp;quot;loader-wrapper&amp;quot;&amp;gt; obscures it
Build info: version: &amp;apos;4.28.1&amp;apos;, revision: &amp;apos;73f5ad48a2&amp;apos;
System info: os.name: &amp;apos;Windows 11&amp;apos;, os.arch: &amp;apos;amd64&amp;apos;, os.version: &amp;apos;10.0&amp;apos;, java.version: &amp;apos;21.0.2&amp;apos;
Driver info: org.openqa.selenium.firefox.FirefoxDriver
Command: [251a592a-b1b4-438c-878d-5ece6f92e820, clickElement {id=40d5904a-d4bf-446c-bea0-16439b3946f8}]
Capabilities {acceptInsecureCerts: true, browserName: firefox, browserVersion: 138.0.3, moz:accessibilityChecks: false, moz:buildID: 20250512124033, moz:debuggerAddress: 127.0.0.1:10401, moz:geckodriverVersion: 0.36.0, moz:headless: false, moz:platformVersion: 10.0, moz:processID: 12824, moz:profile: C:\Users\enque\AppData\Loca..., moz:shutdownTimeout: 60000, moz:webdriverClick: true, moz:windowless: false, pageLoadStrategy: normal, platformName: windows, proxy: Proxy(), se:cdp: ws://127.0.0.1:10401/devtoo..., se:cdpVersion: 85.0, setWindowRect: true, strictFileInteractability: false, timeouts: {implicit: 0, pageLoad: 300000, script: 30000}, unhandledPromptBehavior: dismiss and notify, userAgent: Mozilla/5.0 (Windows NT 10....}
Element: [[FirefoxDriver: firefox on windows (251a592a-b1b4-438c-878d-5ece6f92e820)] -&amp;gt; xpath: //button[@class=&amp;apos;mdc-button mdc-button--raised w-100 mdc-ripple-upgraded&amp;apos;]]
Session ID: 251a592a-b1b4-438c-878d-5ece6f92e820">
      <![CDATA[org.openqa.selenium.ElementClickInterceptedException: Element <button class="mdc-button mdc-button--raised w-100 mdc-ripple-upgraded"> is not clickable at point (768,558) because another element <div class="loader-wrapper"> obscures it
Build info: version: '4.28.1', revision: '73f5ad48a2'
System info: os.name: 'Windows 11', os.arch: 'amd64', os.version: '10.0', java.version: '21.0.2'
Driver info: org.openqa.selenium.firefox.FirefoxDriver
Command: [251a592a-b1b4-438c-878d-5ece6f92e820, clickElement {id=40d5904a-d4bf-446c-bea0-16439b3946f8}]
Capabilities {acceptInsecureCerts: true, browserName: firefox, browserVersion: 138.0.3, moz:accessibilityChecks: false, moz:buildID: 20250512124033, moz:debuggerAddress: 127.0.0.1:10401, moz:geckodriverVersion: 0.36.0, moz:headless: false, moz:platformVersion: 10.0, moz:processID: 12824, moz:profile: C:\Users\enque\AppData\Loca..., moz:shutdownTimeout: 60000, moz:webdriverClick: true, moz:windowless: false, pageLoadStrategy: normal, platformName: windows, proxy: Proxy(), se:cdp: ws://127.0.0.1:10401/devtoo..., se:cdpVersion: 85.0, setWindowRect: true, strictFileInteractability: false, timeouts: {implicit: 0, pageLoad: 300000, script: 30000}, unhandledPromptBehavior: dismiss and notify, userAgent: Mozilla/5.0 (Windows NT 10....}
Element: [[FirefoxDriver: firefox on windows (251a592a-b1b4-438c-878d-5ece6f92e820)] -> xpath: //button[@class='mdc-button mdc-button--raised w-100 mdc-ripple-upgraded']]
Session ID: 251a592a-b1b4-438c-878d-5ece6f92e820
at org.openqa.selenium.remote.ErrorCodec.decode(ErrorCodec.java:167)
at org.openqa.selenium.remote.codec.w3c.W3CHttpResponseCodec.decode(W3CHttpResponseCodec.java:138)
at org.openqa.selenium.remote.codec.w3c.W3CHttpResponseCodec.decode(W3CHttpResponseCodec.java:50)
at org.openqa.selenium.remote.HttpCommandExecutor.execute(HttpCommandExecutor.java:215)
at org.openqa.selenium.remote.service.DriverCommandExecutor.invokeExecute(DriverCommandExecutor.java:216)
at org.openqa.selenium.remote.service.DriverCommandExecutor.execute(DriverCommandExecutor.java:174)
at org.openqa.selenium.remote.RemoteWebDriver.execute(RemoteWebDriver.java:545)
at org.openqa.selenium.remote.RemoteWebElement.execute(RemoteWebElement.java:223)
at org.openqa.selenium.remote.RemoteWebElement.click(RemoteWebElement.java:76)
at TestCases.HRIS_Local.InValidLogin(HRIS_Local.java:74)
at java.base/java.util.ArrayList.forEach(ArrayList.java:1596)
at java.base/java.util.concurrent.FutureTask.run(FutureTask.java:317)
at java.base/java.util.concurrent.ThreadPoolExecutor.runWorker(ThreadPoolExecutor.java:1144)
at java.base/java.util.concurrent.ThreadPoolExecutor$Worker.run(ThreadPoolExecutor.java:642)
at java.base/java.lang.Thread.run(Thread.java:1583)
... Removed 18 stack frames]]>
    </failure>
  </testcase> <!-- InValidLogin -->
  <testcase classname="TestCases.HRIS_Local" name="ValidLogin" time="11.3">
    <failure type="org.openqa.selenium.ElementClickInterceptedException" message="Element &amp;lt;button class=&amp;quot;mdc-button mdc-button--raised w-100 mdc-ripple-upgraded&amp;quot;&amp;gt; is not clickable at point (768,558) because another element &amp;lt;div class=&amp;quot;loader-wrapper&amp;quot;&amp;gt; obscures it
Build info: version: &amp;apos;4.28.1&amp;apos;, revision: &amp;apos;73f5ad48a2&amp;apos;
System info: os.name: &amp;apos;Windows 11&amp;apos;, os.arch: &amp;apos;amd64&amp;apos;, os.version: &amp;apos;10.0&amp;apos;, java.version: &amp;apos;21.0.2&amp;apos;
Driver info: org.openqa.selenium.firefox.FirefoxDriver
Command: [7ea68540-d8d9-41d4-8c53-5bed9c419943, clickElement {id=e3043561-3753-4d27-a22c-adc26788f21e}]
Capabilities {acceptInsecureCerts: true, browserName: firefox, browserVersion: 138.0.3, moz:accessibilityChecks: false, moz:buildID: 20250512124033, moz:debuggerAddress: 127.0.0.1:36108, moz:geckodriverVersion: 0.36.0, moz:headless: false, moz:platformVersion: 10.0, moz:processID: 20356, moz:profile: C:\Users\enque\AppData\Loca..., moz:shutdownTimeout: 60000, moz:webdriverClick: true, moz:windowless: false, pageLoadStrategy: normal, platformName: windows, proxy: Proxy(), se:cdp: ws://127.0.0.1:36108/devtoo..., se:cdpVersion: 85.0, setWindowRect: true, strictFileInteractability: false, timeouts: {implicit: 0, pageLoad: 300000, script: 30000}, unhandledPromptBehavior: dismiss and notify, userAgent: Mozilla/5.0 (Windows NT 10....}
Element: [[FirefoxDriver: firefox on windows (7ea68540-d8d9-41d4-8c53-5bed9c419943)] -&amp;gt; xpath: //button[@class=&amp;apos;mdc-button mdc-button--raised w-100 mdc-ripple-upgraded&amp;apos;]]
Session ID: 7ea68540-d8d9-41d4-8c53-5bed9c419943">
      <![CDATA[org.openqa.selenium.ElementClickInterceptedException: Element <button class="mdc-button mdc-button--raised w-100 mdc-ripple-upgraded"> is not clickable at point (768,558) because another element <div class="loader-wrapper"> obscures it
Build info: version: '4.28.1', revision: '73f5ad48a2'
System info: os.name: 'Windows 11', os.arch: 'amd64', os.version: '10.0', java.version: '21.0.2'
Driver info: org.openqa.selenium.firefox.FirefoxDriver
Command: [7ea68540-d8d9-41d4-8c53-5bed9c419943, clickElement {id=e3043561-3753-4d27-a22c-adc26788f21e}]
Capabilities {acceptInsecureCerts: true, browserName: firefox, browserVersion: 138.0.3, moz:accessibilityChecks: false, moz:buildID: 20250512124033, moz:debuggerAddress: 127.0.0.1:36108, moz:geckodriverVersion: 0.36.0, moz:headless: false, moz:platformVersion: 10.0, moz:processID: 20356, moz:profile: C:\Users\enque\AppData\Loca..., moz:shutdownTimeout: 60000, moz:webdriverClick: true, moz:windowless: false, pageLoadStrategy: normal, platformName: windows, proxy: Proxy(), se:cdp: ws://127.0.0.1:36108/devtoo..., se:cdpVersion: 85.0, setWindowRect: true, strictFileInteractability: false, timeouts: {implicit: 0, pageLoad: 300000, script: 30000}, unhandledPromptBehavior: dismiss and notify, userAgent: Mozilla/5.0 (Windows NT 10....}
Element: [[FirefoxDriver: firefox on windows (7ea68540-d8d9-41d4-8c53-5bed9c419943)] -> xpath: //button[@class='mdc-button mdc-button--raised w-100 mdc-ripple-upgraded']]
Session ID: 7ea68540-d8d9-41d4-8c53-5bed9c419943
at org.openqa.selenium.remote.ErrorCodec.decode(ErrorCodec.java:167)
at org.openqa.selenium.remote.codec.w3c.W3CHttpResponseCodec.decode(W3CHttpResponseCodec.java:138)
at org.openqa.selenium.remote.codec.w3c.W3CHttpResponseCodec.decode(W3CHttpResponseCodec.java:50)
at org.openqa.selenium.remote.HttpCommandExecutor.execute(HttpCommandExecutor.java:215)
at org.openqa.selenium.remote.service.DriverCommandExecutor.invokeExecute(DriverCommandExecutor.java:216)
at org.openqa.selenium.remote.service.DriverCommandExecutor.execute(DriverCommandExecutor.java:174)
at org.openqa.selenium.remote.RemoteWebDriver.execute(RemoteWebDriver.java:545)
at org.openqa.selenium.remote.RemoteWebElement.execute(RemoteWebElement.java:223)
at org.openqa.selenium.remote.RemoteWebElement.click(RemoteWebElement.java:76)
at TestCases.HRIS_Local.ValidLogin(HRIS_Local.java:43)
at java.base/java.util.ArrayList.forEach(ArrayList.java:1596)
at java.base/java.util.concurrent.FutureTask.run(FutureTask.java:317)
at java.base/java.util.concurrent.ThreadPoolExecutor.runWorker(ThreadPoolExecutor.java:1144)
at java.base/java.util.concurrent.ThreadPoolExecutor$Worker.run(ThreadPoolExecutor.java:642)
at java.base/java.lang.Thread.run(Thread.java:1583)
... Removed 18 stack frames]]>
    </failure>
  </testcase> <!-- ValidLogin -->
</testsuite> <!-- FirefoxTest -->
